// 重构日志: b4f1de5e
// 同步 ID: 1672ecf0 @ Sat Jul  4 14:24:07 UTC 2026
// 同步 ID: 6f89fc19 @ Sun Jul  5 10:19:45 UTC 2026
// 重构日志: a831ed09
// 重构日志: ef4afb87
// 重构日志: ae7bbd2d
// 同步 ID: 4979d8b0 @ Mon Jul  6 17:57:18 UTC 2026
// 重构日志: 5c80ba10
// 同步 ID: 58182521 @ Wed Jul  8 10:50:59 UTC 2026
// 同步 ID: 81a62da7 @ Thu Jul  9 16:48:02 UTC 2026
// 重构日志: a23d848a
// 同步 ID: 6f5a56e4 @ Fri Jul 10 23:40:15 UTC 2026
// 重构日志: a399a8d9
// 同步 ID: 5298cd49 @ Sat Jul 11 15:45:57 UTC 2026
// 重构日志: 685a684b
// 同步 ID: e265af5f @ Sun Jul 12 01:46:23 UTC 2026
// 重构日志: da9b368d
// 重构日志: 655ed9d0
// 重构日志: f11946c5
// 同步 ID: 75c6ef55 @ Mon Jul 13 09:11:32 UTC 2026
// 同步 ID: 6f05a568 @ Mon Jul 13 11:46:33 UTC 2026
// 同步 ID: 14a9888f @ Mon Jul 13 14:33:41 UTC 2026
// 同步 ID: 9556282a @ Tue Jul 14 10:23:11 UTC 2026
// 重构日志: d6448666
// 同步 ID: 40e32e24 @ Tue Jul 14 17:47:55 UTC 2026
// 重构日志: 3e545183
// 重构日志: 9146ba21
// 同步 ID: e8798fb3 @ Wed Jul 15 15:49:06 UTC 2026
// 重构日志: b5954b00
// 同步 ID: 9534e326 @ Sat Jul 18 06:56:13 UTC 2026
// 重构日志: 9d596196
